Assembler report for ball_example
Thu May 04 15:40:47 2023
Quartus Prime Version 18.1.0 Build 625 09/12/2018 SJ Standard Edition


---------------------
; Table of Contents ;
---------------------
  1. Legal Notice
  2. Assembler Summary
  3. Assembler Settings
  4. Assembler Generated Files
  5. Assembler Device Options: H:/Documents/305 Project/ball_example/output_files/ball_example.sof
  6. Assembler Device Options: H:/Documents/305 Project/ball_example/output_files/ball_example.pof
  7. Assembler Messages



----------------
; Legal Notice ;
----------------
Copyright (C) 2018  Intel Corporation. All rights reserved.
Your use of Intel Corporation's design tools, logic functions 
and other software and tools, and its AMPP partner logic 
functions, and any output files from any of the foregoing 
(including device programming or simulation files), and any 
associated documentation or information are expressly subject 
to the terms and conditions of the Intel Program License 
Subscription Agreement, the Intel Quartus Prime License Agreement,
the Intel FPGA IP License Agreement, or other applicable license
agreement, including, without limitation, that your use is for
the sole purpose of programming logic devices manufactured by
Intel and sold by Intel or its authorized distributors.  Please
refer to the applicable agreement for further details.



+---------------------------------------------------------------+
; Assembler Summary                                             ;
+-----------------------+---------------------------------------+
; Assembler Status      ; Successful - Thu May 04 15:40:47 2023 ;
; Revision Name         ; ball_example                          ;
; Top-level Entity Name ; ball_example                          ;
; Family                ; Cyclone V                             ;
; Device                ; 5CEBA4F23C7                           ;
+-----------------------+---------------------------------------+


+----------------------------------+
; Assembler Settings               ;
+--------+---------+---------------+
; Option ; Setting ; Default Value ;
+--------+---------+---------------+


+---------------------------------------------------------------------+
; Assembler Generated Files                                           ;
+---------------------------------------------------------------------+
; File Name                                                           ;
+---------------------------------------------------------------------+
; H:/Documents/305 Project/ball_example/output_files/ball_example.sof ;
; H:/Documents/305 Project/ball_example/output_files/ball_example.pof ;
+---------------------------------------------------------------------+


+-----------------------------------------------------------------------------------------------+
; Assembler Device Options: H:/Documents/305 Project/ball_example/output_files/ball_example.sof ;
+----------------+------------------------------------------------------------------------------+
; Option         ; Setting                                                                      ;
+----------------+------------------------------------------------------------------------------+
; JTAG usercode  ; 0x004E901B                                                                   ;
; Checksum       ; 0x004E901B                                                                   ;
+----------------+------------------------------------------------------------------------------+


+-----------------------------------------------------------------------------------------------+
; Assembler Device Options: H:/Documents/305 Project/ball_example/output_files/ball_example.pof ;
+--------------------+--------------------------------------------------------------------------+
; Option             ; Setting                                                                  ;
+--------------------+--------------------------------------------------------------------------+
; JTAG usercode      ; 0x00000000                                                               ;
; Checksum           ; 0x74B4E321                                                               ;
; Compression Ratio  ; 3                                                                        ;
+--------------------+--------------------------------------------------------------------------+


+--------------------+
; Assembler Messages ;
+--------------------+
Info: *******************************************************************
Info: Running Quartus Prime Assembler
    Info: Version 18.1.0 Build 625 09/12/2018 SJ Standard Edition
    Info: Processing started: Thu May 04 15:40:40 2023
Info: Command: quartus_asm --read_settings_files=off --write_settings_files=off ball_example -c ball_example
Warning (18236): Number of processors has not been specified which may cause overloading on shared machines.  Set the global assignment NUM_PARALLEL_PROCESSORS in your QSF to an appropriate value for best performance.
Info (115030): Assembler is generating device programming files
Info: Quartus Prime Assembler was successful. 0 errors, 1 warning
    Info: Peak virtual memory: 4817 megabytes
    Info: Processing ended: Thu May 04 15:40:48 2023
    Info: Elapsed time: 00:00:08
    Info: Total CPU time (on all processors): 00:00:04


