Flow report for flappy_birdv2
Wed May 17 20:39:25 2023
Quartus Prime Version 18.1.0 Build 625 09/12/2018 SJ Standard Edition


---------------------
; Table of Contents ;
---------------------
  1. Legal Notice
  2. Flow Summary
  3. Flow Settings
  4. Flow Non-Default Global Settings
  5. Flow Elapsed Time
  6. Flow OS Summary
  7. Flow Log
  8. Flow Messages
  9. Flow Suppressed Messages



----------------
; Legal Notice ;
----------------
Copyright (C) 2018  Intel Corporation. All rights reserved.
Your use of Intel Corporation's design tools, logic functions 
and other software and tools, and its AMPP partner logic 
functions, and any output files from any of the foregoing 
(including device programming or simulation files), and any 
associated documentation or information are expressly subject 
to the terms and conditions of the Intel Program License 
Subscription Agreement, the Intel Quartus Prime License Agreement,
the Intel FPGA IP License Agreement, or other applicable license
agreement, including, without limitation, that your use is for
the sole purpose of programming logic devices manufactured by
Intel and sold by Intel or its authorized distributors.  Please
refer to the applicable agreement for further details.



+-----------------------------------------------------------------------------------+
; Flow Summary                                                                      ;
+---------------------------------+-------------------------------------------------+
; Flow Status                     ; Successful - Wed May 17 20:39:25 2023           ;
; Quartus Prime Version           ; 18.1.0 Build 625 09/12/2018 SJ Standard Edition ;
; Revision Name                   ; flappy_birdv2                                   ;
; Top-level Entity Name           ; flappy_birdv2                                   ;
; Family                          ; Cyclone V                                       ;
; Device                          ; 5CEBA4F23C7                                     ;
; Timing Models                   ; Final                                           ;
; Logic utilization (in ALMs)     ; 523 / 18,480 ( 3 % )                            ;
; Total registers                 ; 453                                             ;
; Total pins                      ; 48 / 224 ( 21 % )                               ;
; Total virtual pins              ; 0                                               ;
; Total block memory bits         ; 0 / 3,153,920 ( 0 % )                           ;
; Total DSP Blocks                ; 0 / 66 ( 0 % )                                  ;
; Total HSSI RX PCSs              ; 0                                               ;
; Total HSSI PMA RX Deserializers ; 0                                               ;
; Total HSSI TX PCSs              ; 0                                               ;
; Total HSSI PMA TX Serializers   ; 0                                               ;
; Total PLLs                      ; 1 / 4 ( 25 % )                                  ;
; Total DLLs                      ; 0 / 4 ( 0 % )                                   ;
+---------------------------------+-------------------------------------------------+


+-----------------------------------------+
; Flow Settings                           ;
+-------------------+---------------------+
; Option            ; Setting             ;
+-------------------+---------------------+
; Start date & time ; 05/17/2023 20:37:31 ;
; Main task         ; Compilation         ;
; Revision Name     ; flappy_birdv2       ;
+-------------------+---------------------+


+-------------------------------------------------------------------------------------------------------------------------+
; Flow Non-Default Global Settings                                                                                        ;
+-------------------------------------+----------------------------------------+---------------+-------------+------------+
; Assignment Name                     ; Value                                  ; Default Value ; Entity Name ; Section Id ;
+-------------------------------------+----------------------------------------+---------------+-------------+------------+
; COMPILER_SIGNATURE_ID               ; 251053328768449.168431265111528        ; --            ; --          ; --         ;
; FITTER_EFFORT                       ; Standard Fit                           ; Auto Fit      ; --          ; --         ;
; MAX_CORE_JUNCTION_TEMP              ; 85                                     ; --            ; --          ; --         ;
; MIN_CORE_JUNCTION_TEMP              ; 0                                      ; --            ; --          ; --         ;
; MISC_FILE                           ; pll/pll.cmp                            ; --            ; --          ; --         ;
; MISC_FILE                           ; pll/pll_sim/pll.vho                    ; --            ; --          ; --         ;
; MISC_FILE                           ; rom/pipe_rom_inst.vhd                  ; --            ; --          ; --         ;
; MISC_FILE                           ; rom/pipe_rom.cmp                       ; --            ; --          ; --         ;
; OPTIMIZATION_TECHNIQUE              ; Speed                                  ; Balanced      ; --          ; --         ;
; OUTPUT_IO_TIMING_FAR_END_VMEAS      ; Half Signal Swing                      ; --            ; --          ; --         ;
; OUTPUT_IO_TIMING_FAR_END_VMEAS      ; Half Signal Swing                      ; --            ; --          ; --         ;
; OUTPUT_IO_TIMING_NEAR_END_VMEAS     ; Half Vccio                             ; --            ; --          ; --         ;
; OUTPUT_IO_TIMING_NEAR_END_VMEAS     ; Half Vccio                             ; --            ; --          ; --         ;
; PARTITION_COLOR                     ; -- (Not supported for targeted family) ; --            ; --          ; Top        ;
; PARTITION_FITTER_PRESERVATION_LEVEL ; -- (Not supported for targeted family) ; --            ; --          ; Top        ;
; PARTITION_NETLIST_TYPE              ; -- (Not supported for targeted family) ; --            ; --          ; Top        ;
; POWER_BOARD_THERMAL_MODEL           ; None (CONSERVATIVE)                    ; --            ; --          ; --         ;
; POWER_PRESET_COOLING_SOLUTION       ; 23 MM HEAT SINK WITH 200 LFPM AIRFLOW  ; --            ; --          ; --         ;
; PROJECT_OUTPUT_DIRECTORY            ; output_files                           ; --            ; --          ; --         ;
; SPD_FILE                            ; pll/pll.spd                            ; --            ; --          ; --         ;
; SYNTHESIS_ONLY_QIP                  ; On                                     ; --            ; --          ; --         ;
+-------------------------------------+----------------------------------------+---------------+-------------+------------+


+--------------------------------------------------------------------------------------------------------------------------+
; Flow Elapsed Time                                                                                                        ;
+----------------------+--------------+-------------------------+---------------------+------------------------------------+
; Module Name          ; Elapsed Time ; Average Processors Used ; Peak Virtual Memory ; Total CPU Time (on all processors) ;
+----------------------+--------------+-------------------------+---------------------+------------------------------------+
; Analysis & Synthesis ; 00:00:14     ; 1.0                     ; 4898 MB             ; 00:00:19                           ;
; Fitter               ; 00:01:02     ; 1.1                     ; 6857 MB             ; 00:02:52                           ;
; Assembler            ; 00:00:08     ; 1.0                     ; 4821 MB             ; 00:00:04                           ;
; Timing Analyzer      ; 00:00:10     ; 1.4                     ; 5157 MB             ; 00:00:09                           ;
; Total                ; 00:01:34     ; --                      ; --                  ; 00:03:24                           ;
+----------------------+--------------+-------------------------+---------------------+------------------------------------+


+------------------------------------------------------------------------------------+
; Flow OS Summary                                                                    ;
+----------------------+------------------+------------+------------+----------------+
; Module Name          ; Machine Hostname ; OS Name    ; OS Version ; Processor type ;
+----------------------+------------------+------------+------------+----------------+
; Analysis & Synthesis ; EN399230         ; Windows 10 ; 10.0       ; x86_64         ;
; Fitter               ; EN399230         ; Windows 10 ; 10.0       ; x86_64         ;
; Assembler            ; EN399230         ; Windows 10 ; 10.0       ; x86_64         ;
; Timing Analyzer      ; EN399230         ; Windows 10 ; 10.0       ; x86_64         ;
+----------------------+------------------+------------+------------+----------------+


------------
; Flow Log ;
------------
quartus_map --read_settings_files=on --write_settings_files=off flappy_birdv2 -c flappy_birdv2
quartus_fit --read_settings_files=off --write_settings_files=off flappy_birdv2 -c flappy_birdv2
quartus_asm --read_settings_files=off --write_settings_files=off flappy_birdv2 -c flappy_birdv2
quartus_sta flappy_birdv2 -c flappy_birdv2
quartus_eda --read_settings_files=on --write_settings_files=off flappy_birdv2 -c flappy_birdv2



