Analysis & Synthesis report for 7seg
Wed May 10 14:29:02 2023
Quartus Prime Version 18.1.0 Build 625 09/12/2018 SJ Standard Edition


---------------------
; Table of Contents ;
---------------------
  1. Legal Notice
  2. Analysis & Synthesis Summary
  3. Analysis & Synthesis Settings
  4. Parallel Compilation
  5. Analysis & Synthesis Source Files Read
  6. Analysis & Synthesis Resource Usage Summary
  7. Analysis & Synthesis Resource Utilization by Entity
  8. General Register Statistics
  9. Post-Synthesis Netlist Statistics for Top Partition
 10. Elapsed Time Per Partition
 11. Analysis & Synthesis Messages



----------------
; Legal Notice ;
----------------
Copyright (C) 2018  Intel Corporation. All rights reserved.
Your use of Intel Corporation's design tools, logic functions 
and other software and tools, and its AMPP partner logic 
functions, and any output files from any of the foregoing 
(including device programming or simulation files), and any 
associated documentation or information are expressly subject 
to the terms and conditions of the Intel Program License 
Subscription Agreement, the Intel Quartus Prime License Agreement,
the Intel FPGA IP License Agreement, or other applicable license
agreement, including, without limitation, that your use is for
the sole purpose of programming logic devices manufactured by
Intel and sold by Intel or its authorized distributors.  Please
refer to the applicable agreement for further details.



+-----------------------------------------------------------------------------------+
; Analysis & Synthesis Summary                                                      ;
+---------------------------------+-------------------------------------------------+
; Analysis & Synthesis Status     ; Successful - Wed May 10 14:29:02 2023           ;
; Quartus Prime Version           ; 18.1.0 Build 625 09/12/2018 SJ Standard Edition ;
; Revision Name                   ; 7seg                                            ;
; Top-level Entity Name           ; DE0_CV_golden_top                               ;
; Family                          ; Cyclone V                                       ;
; Logic utilization (in ALMs)     ; N/A                                             ;
; Total registers                 ; 0                                               ;
; Total pins                      ; 206                                             ;
; Total virtual pins              ; 0                                               ;
; Total block memory bits         ; 0                                               ;
; Total DSP Blocks                ; 0                                               ;
; Total HSSI RX PCSs              ; 0                                               ;
; Total HSSI PMA RX Deserializers ; 0                                               ;
; Total HSSI TX PCSs              ; 0                                               ;
; Total HSSI PMA TX Serializers   ; 0                                               ;
; Total PLLs                      ; 0                                               ;
; Total DLLs                      ; 0                                               ;
+---------------------------------+-------------------------------------------------+


+---------------------------------------------------------------------------------------------------------------------------+
; Analysis & Synthesis Settings                                                                                             ;
+---------------------------------------------------------------------------------+--------------------+--------------------+
; Option                                                                          ; Setting            ; Default Value      ;
+---------------------------------------------------------------------------------+--------------------+--------------------+
; Device                                                                          ; 5CGXFC7C7F23C8     ;                    ;
; Top-level entity name                                                           ; DE0_CV_golden_top  ; 7seg               ;
; Family name                                                                     ; Cyclone V          ; Cyclone V          ;
; Use smart compilation                                                           ; Off                ; Off                ;
; Enable parallel Assembler and Timing Analyzer during compilation                ; On                 ; On                 ;
; Enable compact report table                                                     ; Off                ; Off                ;
; Restructure Multiplexers                                                        ; Auto               ; Auto               ;
; MLAB Add Timing Constraints For Mixed-Port Feed-Through Mode Setting Don't Care ; Off                ; Off                ;
; Create Debugging Nodes for IP Cores                                             ; Off                ; Off                ;
; Preserve fewer node names                                                       ; On                 ; On                 ;
; Intel FPGA IP Evaluation Mode                                                   ; Enable             ; Enable             ;
; Verilog Version                                                                 ; Verilog_2001       ; Verilog_2001       ;
; VHDL Version                                                                    ; VHDL_1993          ; VHDL_1993          ;
; State Machine Processing                                                        ; Auto               ; Auto               ;
; Safe State Machine                                                              ; Off                ; Off                ;
; Extract Verilog State Machines                                                  ; On                 ; On                 ;
; Extract VHDL State Machines                                                     ; On                 ; On                 ;
; Ignore Verilog initial constructs                                               ; Off                ; Off                ;
; Iteration limit for constant Verilog loops                                      ; 5000               ; 5000               ;
; Iteration limit for non-constant Verilog loops                                  ; 250                ; 250                ;
; Add Pass-Through Logic to Inferred RAMs                                         ; On                 ; On                 ;
; Infer RAMs from Raw Logic                                                       ; On                 ; On                 ;
; Parallel Synthesis                                                              ; On                 ; On                 ;
; DSP Block Balancing                                                             ; Auto               ; Auto               ;
; NOT Gate Push-Back                                                              ; On                 ; On                 ;
; Power-Up Don't Care                                                             ; On                 ; On                 ;
; Remove Redundant Logic Cells                                                    ; Off                ; Off                ;
; Remove Duplicate Registers                                                      ; On                 ; On                 ;
; Ignore CARRY Buffers                                                            ; Off                ; Off                ;
; Ignore CASCADE Buffers                                                          ; Off                ; Off                ;
; Ignore GLOBAL Buffers                                                           ; Off                ; Off                ;
; Ignore ROW GLOBAL Buffers                                                       ; Off                ; Off                ;
; Ignore LCELL Buffers                                                            ; Off                ; Off                ;
; Ignore SOFT Buffers                                                             ; On                 ; On                 ;
; Limit AHDL Integers to 32 Bits                                                  ; Off                ; Off                ;
; Optimization Technique                                                          ; Balanced           ; Balanced           ;
; Carry Chain Length                                                              ; 70                 ; 70                 ;
; Auto Carry Chains                                                               ; On                 ; On                 ;
; Auto Open-Drain Pins                                                            ; On                 ; On                 ;
; Perform WYSIWYG Primitive Resynthesis                                           ; Off                ; Off                ;
; Auto ROM Replacement                                                            ; On                 ; On                 ;
; Auto RAM Replacement                                                            ; On                 ; On                 ;
; Auto DSP Block Replacement                                                      ; On                 ; On                 ;
; Auto Shift Register Replacement                                                 ; Auto               ; Auto               ;
; Allow Shift Register Merging across Hierarchies                                 ; Auto               ; Auto               ;
; Auto Clock Enable Replacement                                                   ; On                 ; On                 ;
; Strict RAM Replacement                                                          ; Off                ; Off                ;
; Allow Synchronous Control Signals                                               ; On                 ; On                 ;
; Force Use of Synchronous Clear Signals                                          ; Off                ; Off                ;
; Auto Resource Sharing                                                           ; Off                ; Off                ;
; Allow Any RAM Size For Recognition                                              ; Off                ; Off                ;
; Allow Any ROM Size For Recognition                                              ; Off                ; Off                ;
; Allow Any Shift Register Size For Recognition                                   ; Off                ; Off                ;
; Use LogicLock Constraints during Resource Balancing                             ; On                 ; On                 ;
; Ignore translate_off and synthesis_off directives                               ; Off                ; Off                ;
; Timing-Driven Synthesis                                                         ; On                 ; On                 ;
; Report Parameter Settings                                                       ; On                 ; On                 ;
; Report Source Assignments                                                       ; On                 ; On                 ;
; Report Connectivity Checks                                                      ; On                 ; On                 ;
; Ignore Maximum Fan-Out Assignments                                              ; Off                ; Off                ;
; Synchronization Register Chain Length                                           ; 3                  ; 3                  ;
; Power Optimization During Synthesis                                             ; Normal compilation ; Normal compilation ;
; HDL message level                                                               ; Level2             ; Level2             ;
; Suppress Register Optimization Related Messages                                 ; Off                ; Off                ;
; Number of Removed Registers Reported in Synthesis Report                        ; 5000               ; 5000               ;
; Number of Swept Nodes Reported in Synthesis Report                              ; 5000               ; 5000               ;
; Number of Inverted Registers Reported in Synthesis Report                       ; 100                ; 100                ;
; Clock MUX Protection                                                            ; On                 ; On                 ;
; Auto Gated Clock Conversion                                                     ; Off                ; Off                ;
; Block Design Naming                                                             ; Auto               ; Auto               ;
; SDC constraint protection                                                       ; Off                ; Off                ;
; Synthesis Effort                                                                ; Auto               ; Auto               ;
; Shift Register Replacement - Allow Asynchronous Clear Signal                    ; On                 ; On                 ;
; Pre-Mapping Resynthesis Optimization                                            ; Off                ; Off                ;
; Analysis & Synthesis Message Level                                              ; Medium             ; Medium             ;
; Disable Register Merging Across Hierarchies                                     ; Auto               ; Auto               ;
; Resource Aware Inference For Block RAM                                          ; On                 ; On                 ;
; Automatic Parallel Synthesis                                                    ; On                 ; On                 ;
; Partial Reconfiguration Bitstream ID                                            ; Off                ; Off                ;
+---------------------------------------------------------------------------------+--------------------+--------------------+


+------------------------------------------+
; Parallel Compilation                     ;
+----------------------------+-------------+
; Processors                 ; Number      ;
+----------------------------+-------------+
; Number detected on machine ; 6           ;
; Maximum allowed            ; 6           ;
;                            ;             ;
; Average used               ; 1.00        ;
; Maximum used               ; 1           ;
;                            ;             ;
; Usage by Processor         ; % Time Used ;
;     Processor 1            ; 100.0%      ;
+----------------------------+-------------+


+---------------------------------------------------------------------------------------------------------------------------------------------------------------+
; Analysis & Synthesis Source Files Read                                                                                                                        ;
+----------------------------------+-----------------+------------------------+-----------------------------------------------------------------------+---------+
; File Name with User-Entered Path ; Used in Netlist ; File Type              ; File Name with Absolute Path                                          ; Library ;
+----------------------------------+-----------------+------------------------+-----------------------------------------------------------------------+---------+
; DE0_CV_golden_top.v              ; yes             ; User Verilog HDL File  ; H:/Documents/305 Project/7seg_other/QUARTUS FILES/DE0_CV_golden_top.v ;         ;
+----------------------------------+-----------------+------------------------+-----------------------------------------------------------------------+---------+


+----------------------------------------------------------------+
; Analysis & Synthesis Resource Usage Summary                    ;
+---------------------------------------------+------------------+
; Resource                                    ; Usage            ;
+---------------------------------------------+------------------+
; Estimate of Logic utilization (ALMs needed) ; 0                ;
;                                             ;                  ;
; Combinational ALUT usage for logic          ; 0                ;
;     -- 7 input functions                    ; 0                ;
;     -- 6 input functions                    ; 0                ;
;     -- 5 input functions                    ; 0                ;
;     -- 4 input functions                    ; 0                ;
;     -- <=3 input functions                  ; 0                ;
;                                             ;                  ;
; Dedicated logic registers                   ; 0                ;
;                                             ;                  ;
; I/O pins                                    ; 206              ;
;                                             ;                  ;
; Total DSP Blocks                            ; 0                ;
;                                             ;                  ;
; Maximum fan-out node                        ; CLOCK4_50~output ;
; Maximum fan-out                             ; 1                ;
; Total fan-out                               ; 304              ;
; Average fan-out                             ; 0.60             ;
+---------------------------------------------+------------------+


+----------------------------------------------------------------------------------------------------------------------------------------------------------------------------------------------+
; Analysis & Synthesis Resource Utilization by Entity                                                                                                                                          ;
+----------------------------+---------------------+---------------------------+-------------------+------------+------+--------------+---------------------+-------------------+--------------+
; Compilation Hierarchy Node ; Combinational ALUTs ; Dedicated Logic Registers ; Block Memory Bits ; DSP Blocks ; Pins ; Virtual Pins ; Full Hierarchy Name ; Entity Name       ; Library Name ;
+----------------------------+---------------------+---------------------------+-------------------+------------+------+--------------+---------------------+-------------------+--------------+
; |DE0_CV_golden_top         ; 0 (0)               ; 0 (0)                     ; 0                 ; 0          ; 206  ; 0            ; |DE0_CV_golden_top  ; DE0_CV_golden_top ; work         ;
+----------------------------+---------------------+---------------------------+-------------------+------------+------+--------------+---------------------+-------------------+--------------+
Note: For table entries with two numbers listed, the numbers in parentheses indicate the number of resources of the given type used by the specific entity alone. The numbers listed outside of parentheses indicate the total resources of the given type used by the specific entity and all of its sub-entities in the hierarchy.


+------------------------------------------------------+
; General Register Statistics                          ;
+----------------------------------------------+-------+
; Statistic                                    ; Value ;
+----------------------------------------------+-------+
; Total registers                              ; 0     ;
; Number of registers using Synchronous Clear  ; 0     ;
; Number of registers using Synchronous Load   ; 0     ;
; Number of registers using Asynchronous Clear ; 0     ;
; Number of registers using Asynchronous Load  ; 0     ;
; Number of registers using Clock Enable       ; 0     ;
; Number of registers using Preset             ; 0     ;
+----------------------------------------------+-------+


+-----------------------------------------------------+
; Post-Synthesis Netlist Statistics for Top Partition ;
+-----------------------+-----------------------------+
; Type                  ; Count                       ;
+-----------------------+-----------------------------+
; arriav_io_obuf        ; 98                          ;
; arriav_lcell_comb     ; 1                           ;
;     normal            ; 1                           ;
;         0 data inputs ; 1                           ;
; boundary_port         ; 206                         ;
;                       ;                             ;
; Max LUT depth         ; 0.00                        ;
; Average LUT depth     ; 0.00                        ;
+-----------------------+-----------------------------+


+-------------------------------+
; Elapsed Time Per Partition    ;
+----------------+--------------+
; Partition Name ; Elapsed Time ;
+----------------+--------------+
; Top            ; 00:00:00     ;
+----------------+--------------+


+-------------------------------+
; Analysis & Synthesis Messages ;
+-------------------------------+
Info: *******************************************************************
Info: Running Quartus Prime Analysis & Synthesis
    Info: Version 18.1.0 Build 625 09/12/2018 SJ Standard Edition
    Info: Processing started: Wed May 10 14:28:51 2023
Info: Command: quartus_map --read_settings_files=on --write_settings_files=off 7seg -c 7seg
Info (20034): Auto device selection is not supported for Cyclone V device family. The default device, 5CGXFC7C7F23C8, is set.
Warning (18236): Number of processors has not been specified which may cause overloading on shared machines.  Set the global assignment NUM_PARALLEL_PROCESSORS in your QSF to an appropriate value for best performance.
Info (20030): Parallel compilation is enabled and will use 6 of the 6 processors detected
Info (12021): Found 2 design units, including 1 entities, in source file /documents/305 project/7seg_other/vhdl/mouse.vhd
    Info (12022): Found design unit 1: MOUSE-behavior File: H:/Documents/305 Project/7seg_other/VHDL/mouse.vhd Line: 18
    Info (12023): Found entity 1: MOUSE File: H:/Documents/305 Project/7seg_other/VHDL/mouse.vhd Line: 9
Info (12021): Found 0 design units, including 0 entities, in source file /documents/305 project/7seg_other/vhdl/let_to_7seg.vhd
Info (12021): Found 2 design units, including 1 entities, in source file /documents/305 project/7seg_other/vhdl/bcd_to_7seg.vhd
    Info (12022): Found design unit 1: BCD_to_SevenSeg-arc1 File: H:/Documents/305 Project/7seg_other/VHDL/BCD_to_7Seg.vhd Line: 12
    Info (12023): Found entity 1: BCD_to_SevenSeg File: H:/Documents/305 Project/7seg_other/VHDL/BCD_to_7Seg.vhd Line: 7
Info (12021): Found 1 design units, including 1 entities, in source file de0_cv_golden_top.v
    Info (12023): Found entity 1: DE0_CV_golden_top File: H:/Documents/305 Project/7seg_other/QUARTUS FILES/DE0_CV_golden_top.v Line: 54
Info (12021): Found 2 design units, including 1 entities, in source file pll/pll.vhd
    Info (12022): Found design unit 1: PLL-rtl File: H:/Documents/305 Project/7seg_other/QUARTUS FILES/PLL/PLL.vhd Line: 20
    Info (12023): Found entity 1: PLL File: H:/Documents/305 Project/7seg_other/QUARTUS FILES/PLL/PLL.vhd Line: 11
Info (12021): Found 1 design units, including 1 entities, in source file pll/pll/pll_0002.v
    Info (12023): Found entity 1: PLL_0002 File: H:/Documents/305 Project/7seg_other/QUARTUS FILES/PLL/PLL/PLL_0002.v Line: 2
Info (12021): Found 1 design units, including 1 entities, in source file 7seg.bdf
    Info (12023): Found entity 1: 7seg
Info (12127): Elaborating entity "DE0_CV_golden_top" for the top level hierarchy
Warning (10034): Output port "DRAM_ADDR" at DE0_CV_golden_top.v(76) has no driver File: H:/Documents/305 Project/7seg_other/QUARTUS FILES/DE0_CV_golden_top.v Line: 76
Warning (10034): Output port "DRAM_BA" at DE0_CV_golden_top.v(77) has no driver File: H:/Documents/305 Project/7seg_other/QUARTUS FILES/DE0_CV_golden_top.v Line: 77
Warning (10034): Output port "HEX0" at DE0_CV_golden_top.v(95) has no driver File: H:/Documents/305 Project/7seg_other/QUARTUS FILES/DE0_CV_golden_top.v Line: 95
Warning (10034): Output port "HEX1" at DE0_CV_golden_top.v(99) has no driver File: H:/Documents/305 Project/7seg_other/QUARTUS FILES/DE0_CV_golden_top.v Line: 99
Warning (10034): Output port "HEX2" at DE0_CV_golden_top.v(103) has no driver File: H:/Documents/305 Project/7seg_other/QUARTUS FILES/DE0_CV_golden_top.v Line: 103
Warning (10034): Output port "HEX3" at DE0_CV_golden_top.v(107) has no driver File: H:/Documents/305 Project/7seg_other/QUARTUS FILES/DE0_CV_golden_top.v Line: 107
Warning (10034): Output port "HEX4" at DE0_CV_golden_top.v(111) has no driver File: H:/Documents/305 Project/7seg_other/QUARTUS FILES/DE0_CV_golden_top.v Line: 111
Warning (10034): Output port "HEX5" at DE0_CV_golden_top.v(115) has no driver File: H:/Documents/305 Project/7seg_other/QUARTUS FILES/DE0_CV_golden_top.v Line: 115
Warning (10034): Output port "LEDR" at DE0_CV_golden_top.v(123) has no driver File: H:/Documents/305 Project/7seg_other/QUARTUS FILES/DE0_CV_golden_top.v Line: 123
Warning (10034): Output port "VGA_B" at DE0_CV_golden_top.v(148) has no driver File: H:/Documents/305 Project/7seg_other/QUARTUS FILES/DE0_CV_golden_top.v Line: 148
Warning (10034): Output port "VGA_G" at DE0_CV_golden_top.v(149) has no driver File: H:/Documents/305 Project/7seg_other/QUARTUS FILES/DE0_CV_golden_top.v Line: 149
Warning (10034): Output port "VGA_R" at DE0_CV_golden_top.v(151) has no driver File: H:/Documents/305 Project/7seg_other/QUARTUS FILES/DE0_CV_golden_top.v Line: 151
Warning (10034): Output port "DRAM_CAS_N" at DE0_CV_golden_top.v(78) has no driver File: H:/Documents/305 Project/7seg_other/QUARTUS FILES/DE0_CV_golden_top.v Line: 78
Warning (10034): Output port "DRAM_CKE" at DE0_CV_golden_top.v(79) has no driver File: H:/Documents/305 Project/7seg_other/QUARTUS FILES/DE0_CV_golden_top.v Line: 79
Warning (10034): Output port "DRAM_CLK" at DE0_CV_golden_top.v(80) has no driver File: H:/Documents/305 Project/7seg_other/QUARTUS FILES/DE0_CV_golden_top.v Line: 80
Warning (10034): Output port "DRAM_CS_N" at DE0_CV_golden_top.v(81) has no driver File: H:/Documents/305 Project/7seg_other/QUARTUS FILES/DE0_CV_golden_top.v Line: 81
Warning (10034): Output port "DRAM_LDQM" at DE0_CV_golden_top.v(83) has no driver File: H:/Documents/305 Project/7seg_other/QUARTUS FILES/DE0_CV_golden_top.v Line: 83
Warning (10034): Output port "DRAM_RAS_N" at DE0_CV_golden_top.v(84) has no driver File: H:/Documents/305 Project/7seg_other/QUARTUS FILES/DE0_CV_golden_top.v Line: 84
Warning (10034): Output port "DRAM_UDQM" at DE0_CV_golden_top.v(85) has no driver File: H:/Documents/305 Project/7seg_other/QUARTUS FILES/DE0_CV_golden_top.v Line: 85
Warning (10034): Output port "DRAM_WE_N" at DE0_CV_golden_top.v(86) has no driver File: H:/Documents/305 Project/7seg_other/QUARTUS FILES/DE0_CV_golden_top.v Line: 86
Warning (10034): Output port "SD_CLK" at DE0_CV_golden_top.v(138) has no driver File: H:/Documents/305 Project/7seg_other/QUARTUS FILES/DE0_CV_golden_top.v Line: 138
Warning (10034): Output port "VGA_HS" at DE0_CV_golden_top.v(150) has no driver File: H:/Documents/305 Project/7seg_other/QUARTUS FILES/DE0_CV_golden_top.v Line: 150
Warning (10034): Output port "VGA_VS" at DE0_CV_golden_top.v(154) has no driver File: H:/Documents/305 Project/7seg_other/QUARTUS FILES/DE0_CV_golden_top.v Line: 154
Warning (12158): Entity "DE0_CV_golden_top" contains only dangling pins
Warning (13039): The following bidirectional pins have no drivers
    Warning (13040): bidirectional pin "CLOCK4_50" has no driver File: H:/Documents/305 Project/7seg_other/QUARTUS FILES/DE0_CV_golden_top.v Line: 68
    Warning (13040): bidirectional pin "DRAM_DQ[0]" has no driver File: H:/Documents/305 Project/7seg_other/QUARTUS FILES/DE0_CV_golden_top.v Line: 82
    Warning (13040): bidirectional pin "DRAM_DQ[1]" has no driver File: H:/Documents/305 Project/7seg_other/QUARTUS FILES/DE0_CV_golden_top.v Line: 82
    Warning (13040): bidirectional pin "DRAM_DQ[2]" has no driver File: H:/Documents/305 Project/7seg_other/QUARTUS FILES/DE0_CV_golden_top.v Line: 82
    Warning (13040): bidirectional pin "DRAM_DQ[3]" has no driver File: H:/Documents/305 Project/7seg_other/QUARTUS FILES/DE0_CV_golden_top.v Line: 82
    Warning (13040): bidirectional pin "DRAM_DQ[4]" has no driver File: H:/Documents/305 Project/7seg_other/QUARTUS FILES/DE0_CV_golden_top.v Line: 82
    Warning (13040): bidirectional pin "DRAM_DQ[5]" has no driver File: H:/Documents/305 Project/7seg_other/QUARTUS FILES/DE0_CV_golden_top.v Line: 82
    Warning (13040): bidirectional pin "DRAM_DQ[6]" has no driver File: H:/Documents/305 Project/7seg_other/QUARTUS FILES/DE0_CV_golden_top.v Line: 82
    Warning (13040): bidirectional pin "DRAM_DQ[7]" has no driver File: H:/Documents/305 Project/7seg_other/QUARTUS FILES/DE0_CV_golden_top.v Line: 82
    Warning (13040): bidirectional pin "DRAM_DQ[8]" has no driver File: H:/Documents/305 Project/7seg_other/QUARTUS FILES/DE0_CV_golden_top.v Line: 82
    Warning (13040): bidirectional pin "DRAM_DQ[9]" has no driver File: H:/Documents/305 Project/7seg_other/QUARTUS FILES/DE0_CV_golden_top.v Line: 82
    Warning (13040): bidirectional pin "DRAM_DQ[10]" has no driver File: H:/Documents/305 Project/7seg_other/QUARTUS FILES/DE0_CV_golden_top.v Line: 82
    Warning (13040): bidirectional pin "DRAM_DQ[11]" has no driver File: H:/Documents/305 Project/7seg_other/QUARTUS FILES/DE0_CV_golden_top.v Line: 82
    Warning (13040): bidirectional pin "DRAM_DQ[12]" has no driver File: H:/Documents/305 Project/7seg_other/QUARTUS FILES/DE0_CV_golden_top.v Line: 82
    Warning (13040): bidirectional pin "DRAM_DQ[13]" has no driver File: H:/Documents/305 Project/7seg_other/QUARTUS FILES/DE0_CV_golden_top.v Line: 82
    Warning (13040): bidirectional pin "DRAM_DQ[14]" has no driver File: H:/Documents/305 Project/7seg_other/QUARTUS FILES/DE0_CV_golden_top.v Line: 82
    Warning (13040): bidirectional pin "DRAM_DQ[15]" has no driver File: H:/Documents/305 Project/7seg_other/QUARTUS FILES/DE0_CV_golden_top.v Line: 82
    Warning (13040): bidirectional pin "GPIO_0[0]" has no driver File: H:/Documents/305 Project/7seg_other/QUARTUS FILES/DE0_CV_golden_top.v Line: 90
    Warning (13040): bidirectional pin "GPIO_0[1]" has no driver File: H:/Documents/305 Project/7seg_other/QUARTUS FILES/DE0_CV_golden_top.v Line: 90
    Warning (13040): bidirectional pin "GPIO_0[2]" has no driver File: H:/Documents/305 Project/7seg_other/QUARTUS FILES/DE0_CV_golden_top.v Line: 90
    Warning (13040): bidirectional pin "GPIO_0[3]" has no driver File: H:/Documents/305 Project/7seg_other/QUARTUS FILES/DE0_CV_golden_top.v Line: 90
    Warning (13040): bidirectional pin "GPIO_0[4]" has no driver File: H:/Documents/305 Project/7seg_other/QUARTUS FILES/DE0_CV_golden_top.v Line: 90
    Warning (13040): bidirectional pin "GPIO_0[5]" has no driver File: H:/Documents/305 Project/7seg_other/QUARTUS FILES/DE0_CV_golden_top.v Line: 90
    Warning (13040): bidirectional pin "GPIO_0[6]" has no driver File: H:/Documents/305 Project/7seg_other/QUARTUS FILES/DE0_CV_golden_top.v Line: 90
    Warning (13040): bidirectional pin "GPIO_0[7]" has no driver File: H:/Documents/305 Project/7seg_other/QUARTUS FILES/DE0_CV_golden_top.v Line: 90
    Warning (13040): bidirectional pin "GPIO_0[8]" has no driver File: H:/Documents/305 Project/7seg_other/QUARTUS FILES/DE0_CV_golden_top.v Line: 90
    Warning (13040): bidirectional pin "GPIO_0[9]" has no driver File: H:/Documents/305 Project/7seg_other/QUARTUS FILES/DE0_CV_golden_top.v Line: 90
    Warning (13040): bidirectional pin "GPIO_0[10]" has no driver File: H:/Documents/305 Project/7seg_other/QUARTUS FILES/DE0_CV_golden_top.v Line: 90
    Warning (13040): bidirectional pin "GPIO_0[11]" has no driver File: H:/Documents/305 Project/7seg_other/QUARTUS FILES/DE0_CV_golden_top.v Line: 90
    Warning (13040): bidirectional pin "GPIO_0[12]" has no driver File: H:/Documents/305 Project/7seg_other/QUARTUS FILES/DE0_CV_golden_top.v Line: 90
    Warning (13040): bidirectional pin "GPIO_0[13]" has no driver File: H:/Documents/305 Project/7seg_other/QUARTUS FILES/DE0_CV_golden_top.v Line: 90
    Warning (13040): bidirectional pin "GPIO_0[14]" has no driver File: H:/Documents/305 Project/7seg_other/QUARTUS FILES/DE0_CV_golden_top.v Line: 90
    Warning (13040): bidirectional pin "GPIO_0[15]" has no driver File: H:/Documents/305 Project/7seg_other/QUARTUS FILES/DE0_CV_golden_top.v Line: 90
    Warning (13040): bidirectional pin "GPIO_0[16]" has no driver File: H:/Documents/305 Project/7seg_other/QUARTUS FILES/DE0_CV_golden_top.v Line: 90
    Warning (13040): bidirectional pin "GPIO_0[17]" has no driver File: H:/Documents/305 Project/7seg_other/QUARTUS FILES/DE0_CV_golden_top.v Line: 90
    Warning (13040): bidirectional pin "GPIO_0[18]" has no driver File: H:/Documents/305 Project/7seg_other/QUARTUS FILES/DE0_CV_golden_top.v Line: 90
    Warning (13040): bidirectional pin "GPIO_0[19]" has no driver File: H:/Documents/305 Project/7seg_other/QUARTUS FILES/DE0_CV_golden_top.v Line: 90
    Warning (13040): bidirectional pin "GPIO_0[20]" has no driver File: H:/Documents/305 Project/7seg_other/QUARTUS FILES/DE0_CV_golden_top.v Line: 90
    Warning (13040): bidirectional pin "GPIO_0[21]" has no driver File: H:/Documents/305 Project/7seg_other/QUARTUS FILES/DE0_CV_golden_top.v Line: 90
    Warning (13040): bidirectional pin "GPIO_0[22]" has no driver File: H:/Documents/305 Project/7seg_other/QUARTUS FILES/DE0_CV_golden_top.v Line: 90
    Warning (13040): bidirectional pin "GPIO_0[23]" has no driver File: H:/Documents/305 Project/7seg_other/QUARTUS FILES/DE0_CV_golden_top.v Line: 90
    Warning (13040): bidirectional pin "GPIO_0[24]" has no driver File: H:/Documents/305 Project/7seg_other/QUARTUS FILES/DE0_CV_golden_top.v Line: 90
    Warning (13040): bidirectional pin "GPIO_0[25]" has no driver File: H:/Documents/305 Project/7seg_other/QUARTUS FILES/DE0_CV_golden_top.v Line: 90
    Warning (13040): bidirectional pin "GPIO_0[26]" has no driver File: H:/Documents/305 Project/7seg_other/QUARTUS FILES/DE0_CV_golden_top.v Line: 90
    Warning (13040): bidirectional pin "GPIO_0[27]" has no driver File: H:/Documents/305 Project/7seg_other/QUARTUS FILES/DE0_CV_golden_top.v Line: 90
    Warning (13040): bidirectional pin "GPIO_0[28]" has no driver File: H:/Documents/305 Project/7seg_other/QUARTUS FILES/DE0_CV_golden_top.v Line: 90
    Warning (13040): bidirectional pin "GPIO_0[29]" has no driver File: H:/Documents/305 Project/7seg_other/QUARTUS FILES/DE0_CV_golden_top.v Line: 90
    Warning (13040): bidirectional pin "GPIO_0[30]" has no driver File: H:/Documents/305 Project/7seg_other/QUARTUS FILES/DE0_CV_golden_top.v Line: 90
    Warning (13040): bidirectional pin "GPIO_0[31]" has no driver File: H:/Documents/305 Project/7seg_other/QUARTUS FILES/DE0_CV_golden_top.v Line: 90
    Warning (13040): bidirectional pin "GPIO_0[32]" has no driver File: H:/Documents/305 Project/7seg_other/QUARTUS FILES/DE0_CV_golden_top.v Line: 90
    Warning (13040): bidirectional pin "GPIO_0[33]" has no driver File: H:/Documents/305 Project/7seg_other/QUARTUS FILES/DE0_CV_golden_top.v Line: 90
    Warning (13040): bidirectional pin "GPIO_0[34]" has no driver File: H:/Documents/305 Project/7seg_other/QUARTUS FILES/DE0_CV_golden_top.v Line: 90
    Warning (13040): bidirectional pin "GPIO_0[35]" has no driver File: H:/Documents/305 Project/7seg_other/QUARTUS FILES/DE0_CV_golden_top.v Line: 90
    Warning (13040): bidirectional pin "GPIO_1[0]" has no driver File: H:/Documents/305 Project/7seg_other/QUARTUS FILES/DE0_CV_golden_top.v Line: 91
    Warning (13040): bidirectional pin "GPIO_1[1]" has no driver File: H:/Documents/305 Project/7seg_other/QUARTUS FILES/DE0_CV_golden_top.v Line: 91
    Warning (13040): bidirectional pin "GPIO_1[2]" has no driver File: H:/Documents/305 Project/7seg_other/QUARTUS FILES/DE0_CV_golden_top.v Line: 91
    Warning (13040): bidirectional pin "GPIO_1[3]" has no driver File: H:/Documents/305 Project/7seg_other/QUARTUS FILES/DE0_CV_golden_top.v Line: 91
    Warning (13040): bidirectional pin "GPIO_1[4]" has no driver File: H:/Documents/305 Project/7seg_other/QUARTUS FILES/DE0_CV_golden_top.v Line: 91
    Warning (13040): bidirectional pin "GPIO_1[5]" has no driver File: H:/Documents/305 Project/7seg_other/QUARTUS FILES/DE0_CV_golden_top.v Line: 91
    Warning (13040): bidirectional pin "GPIO_1[6]" has no driver File: H:/Documents/305 Project/7seg_other/QUARTUS FILES/DE0_CV_golden_top.v Line: 91
    Warning (13040): bidirectional pin "GPIO_1[7]" has no driver File: H:/Documents/305 Project/7seg_other/QUARTUS FILES/DE0_CV_golden_top.v Line: 91
    Warning (13040): bidirectional pin "GPIO_1[8]" has no driver File: H:/Documents/305 Project/7seg_other/QUARTUS FILES/DE0_CV_golden_top.v Line: 91
    Warning (13040): bidirectional pin "GPIO_1[9]" has no driver File: H:/Documents/305 Project/7seg_other/QUARTUS FILES/DE0_CV_golden_top.v Line: 91
    Warning (13040): bidirectional pin "GPIO_1[10]" has no driver File: H:/Documents/305 Project/7seg_other/QUARTUS FILES/DE0_CV_golden_top.v Line: 91
    Warning (13040): bidirectional pin "GPIO_1[11]" has no driver File: H:/Documents/305 Project/7seg_other/QUARTUS FILES/DE0_CV_golden_top.v Line: 91
    Warning (13040): bidirectional pin "GPIO_1[12]" has no driver File: H:/Documents/305 Project/7seg_other/QUARTUS FILES/DE0_CV_golden_top.v Line: 91
    Warning (13040): bidirectional pin "GPIO_1[13]" has no driver File: H:/Documents/305 Project/7seg_other/QUARTUS FILES/DE0_CV_golden_top.v Line: 91
    Warning (13040): bidirectional pin "GPIO_1[14]" has no driver File: H:/Documents/305 Project/7seg_other/QUARTUS FILES/DE0_CV_golden_top.v Line: 91
    Warning (13040): bidirectional pin "GPIO_1[15]" has no driver File: H:/Documents/305 Project/7seg_other/QUARTUS FILES/DE0_CV_golden_top.v Line: 91
    Warning (13040): bidirectional pin "GPIO_1[16]" has no driver File: H:/Documents/305 Project/7seg_other/QUARTUS FILES/DE0_CV_golden_top.v Line: 91
    Warning (13040): bidirectional pin "GPIO_1[17]" has no driver File: H:/Documents/305 Project/7seg_other/QUARTUS FILES/DE0_CV_golden_top.v Line: 91
    Warning (13040): bidirectional pin "GPIO_1[18]" has no driver File: H:/Documents/305 Project/7seg_other/QUARTUS FILES/DE0_CV_golden_top.v Line: 91
    Warning (13040): bidirectional pin "GPIO_1[19]" has no driver File: H:/Documents/305 Project/7seg_other/QUARTUS FILES/DE0_CV_golden_top.v Line: 91
    Warning (13040): bidirectional pin "GPIO_1[20]" has no driver File: H:/Documents/305 Project/7seg_other/QUARTUS FILES/DE0_CV_golden_top.v Line: 91
    Warning (13040): bidirectional pin "GPIO_1[21]" has no driver File: H:/Documents/305 Project/7seg_other/QUARTUS FILES/DE0_CV_golden_top.v Line: 91
    Warning (13040): bidirectional pin "GPIO_1[22]" has no driver File: H:/Documents/305 Project/7seg_other/QUARTUS FILES/DE0_CV_golden_top.v Line: 91
    Warning (13040): bidirectional pin "GPIO_1[23]" has no driver File: H:/Documents/305 Project/7seg_other/QUARTUS FILES/DE0_CV_golden_top.v Line: 91
    Warning (13040): bidirectional pin "GPIO_1[24]" has no driver File: H:/Documents/305 Project/7seg_other/QUARTUS FILES/DE0_CV_golden_top.v Line: 91
    Warning (13040): bidirectional pin "GPIO_1[25]" has no driver File: H:/Documents/305 Project/7seg_other/QUARTUS FILES/DE0_CV_golden_top.v Line: 91
    Warning (13040): bidirectional pin "GPIO_1[26]" has no driver File: H:/Documents/305 Project/7seg_other/QUARTUS FILES/DE0_CV_golden_top.v Line: 91
    Warning (13040): bidirectional pin "GPIO_1[27]" has no driver File: H:/Documents/305 Project/7seg_other/QUARTUS FILES/DE0_CV_golden_top.v Line: 91
    Warning (13040): bidirectional pin "GPIO_1[28]" has no driver File: H:/Documents/305 Project/7seg_other/QUARTUS FILES/DE0_CV_golden_top.v Line: 91
    Warning (13040): bidirectional pin "GPIO_1[29]" has no driver File: H:/Documents/305 Project/7seg_other/QUARTUS FILES/DE0_CV_golden_top.v Line: 91
    Warning (13040): bidirectional pin "GPIO_1[30]" has no driver File: H:/Documents/305 Project/7seg_other/QUARTUS FILES/DE0_CV_golden_top.v Line: 91
    Warning (13040): bidirectional pin "GPIO_1[31]" has no driver File: H:/Documents/305 Project/7seg_other/QUARTUS FILES/DE0_CV_golden_top.v Line: 91
    Warning (13040): bidirectional pin "GPIO_1[32]" has no driver File: H:/Documents/305 Project/7seg_other/QUARTUS FILES/DE0_CV_golden_top.v Line: 91
    Warning (13040): bidirectional pin "GPIO_1[33]" has no driver File: H:/Documents/305 Project/7seg_other/QUARTUS FILES/DE0_CV_golden_top.v Line: 91
    Warning (13040): bidirectional pin "GPIO_1[34]" has no driver File: H:/Documents/305 Project/7seg_other/QUARTUS FILES/DE0_CV_golden_top.v Line: 91
    Warning (13040): bidirectional pin "GPIO_1[35]" has no driver File: H:/Documents/305 Project/7seg_other/QUARTUS FILES/DE0_CV_golden_top.v Line: 91
    Warning (13040): bidirectional pin "PS2_CLK" has no driver File: H:/Documents/305 Project/7seg_other/QUARTUS FILES/DE0_CV_golden_top.v Line: 127
    Warning (13040): bidirectional pin "PS2_CLK2" has no driver File: H:/Documents/305 Project/7seg_other/QUARTUS FILES/DE0_CV_golden_top.v Line: 128
    Warning (13040): bidirectional pin "PS2_DAT" has no driver File: H:/Documents/305 Project/7seg_other/QUARTUS FILES/DE0_CV_golden_top.v Line: 129
    Warning (13040): bidirectional pin "PS2_DAT2" has no driver File: H:/Documents/305 Project/7seg_other/QUARTUS FILES/DE0_CV_golden_top.v Line: 130
    Warning (13040): bidirectional pin "SD_CMD" has no driver File: H:/Documents/305 Project/7seg_other/QUARTUS FILES/DE0_CV_golden_top.v Line: 139
    Warning (13040): bidirectional pin "SD_DATA[0]" has no driver File: H:/Documents/305 Project/7seg_other/QUARTUS FILES/DE0_CV_golden_top.v Line: 140
    Warning (13040): bidirectional pin "SD_DATA[1]" has no driver File: H:/Documents/305 Project/7seg_other/QUARTUS FILES/DE0_CV_golden_top.v Line: 140
    Warning (13040): bidirectional pin "SD_DATA[2]" has no driver File: H:/Documents/305 Project/7seg_other/QUARTUS FILES/DE0_CV_golden_top.v Line: 140
    Warning (13040): bidirectional pin "SD_DATA[3]" has no driver File: H:/Documents/305 Project/7seg_other/QUARTUS FILES/DE0_CV_golden_top.v Line: 140
Warning (13024): Output pins are stuck at VCC or GND
    Warning (13410): Pin "DRAM_ADDR[0]" is stuck at GND File: H:/Documents/305 Project/7seg_other/QUARTUS FILES/DE0_CV_golden_top.v Line: 76
    Warning (13410): Pin "DRAM_ADDR[1]" is stuck at GND File: H:/Documents/305 Project/7seg_other/QUARTUS FILES/DE0_CV_golden_top.v Line: 76
    Warning (13410): Pin "DRAM_ADDR[2]" is stuck at GND File: H:/Documents/305 Project/7seg_other/QUARTUS FILES/DE0_CV_golden_top.v Line: 76
    Warning (13410): Pin "DRAM_ADDR[3]" is stuck at GND File: H:/Documents/305 Project/7seg_other/QUARTUS FILES/DE0_CV_golden_top.v Line: 76
    Warning (13410): Pin "DRAM_ADDR[4]" is stuck at GND File: H:/Documents/305 Project/7seg_other/QUARTUS FILES/DE0_CV_golden_top.v Line: 76
    Warning (13410): Pin "DRAM_ADDR[5]" is stuck at GND File: H:/Documents/305 Project/7seg_other/QUARTUS FILES/DE0_CV_golden_top.v Line: 76
    Warning (13410): Pin "DRAM_ADDR[6]" is stuck at GND File: H:/Documents/305 Project/7seg_other/QUARTUS FILES/DE0_CV_golden_top.v Line: 76
    Warning (13410): Pin "DRAM_ADDR[7]" is stuck at GND File: H:/Documents/305 Project/7seg_other/QUARTUS FILES/DE0_CV_golden_top.v Line: 76
    Warning (13410): Pin "DRAM_ADDR[8]" is stuck at GND File: H:/Documents/305 Project/7seg_other/QUARTUS FILES/DE0_CV_golden_top.v Line: 76
    Warning (13410): Pin "DRAM_ADDR[9]" is stuck at GND File: H:/Documents/305 Project/7seg_other/QUARTUS FILES/DE0_CV_golden_top.v Line: 76
    Warning (13410): Pin "DRAM_ADDR[10]" is stuck at GND File: H:/Documents/305 Project/7seg_other/QUARTUS FILES/DE0_CV_golden_top.v Line: 76
    Warning (13410): Pin "DRAM_ADDR[11]" is stuck at GND File: H:/Documents/305 Project/7seg_other/QUARTUS FILES/DE0_CV_golden_top.v Line: 76
    Warning (13410): Pin "DRAM_ADDR[12]" is stuck at GND File: H:/Documents/305 Project/7seg_other/QUARTUS FILES/DE0_CV_golden_top.v Line: 76
    Warning (13410): Pin "DRAM_BA[0]" is stuck at GND File: H:/Documents/305 Project/7seg_other/QUARTUS FILES/DE0_CV_golden_top.v Line: 77
    Warning (13410): Pin "DRAM_BA[1]" is stuck at GND File: H:/Documents/305 Project/7seg_other/QUARTUS FILES/DE0_CV_golden_top.v Line: 77
    Warning (13410): Pin "DRAM_CAS_N" is stuck at GND File: H:/Documents/305 Project/7seg_other/QUARTUS FILES/DE0_CV_golden_top.v Line: 78
    Warning (13410): Pin "DRAM_CKE" is stuck at GND File: H:/Documents/305 Project/7seg_other/QUARTUS FILES/DE0_CV_golden_top.v Line: 79
    Warning (13410): Pin "DRAM_CLK" is stuck at GND File: H:/Documents/305 Project/7seg_other/QUARTUS FILES/DE0_CV_golden_top.v Line: 80
    Warning (13410): Pin "DRAM_CS_N" is stuck at GND File: H:/Documents/305 Project/7seg_other/QUARTUS FILES/DE0_CV_golden_top.v Line: 81
    Warning (13410): Pin "DRAM_LDQM" is stuck at GND File: H:/Documents/305 Project/7seg_other/QUARTUS FILES/DE0_CV_golden_top.v Line: 83
    Warning (13410): Pin "DRAM_RAS_N" is stuck at GND File: H:/Documents/305 Project/7seg_other/QUARTUS FILES/DE0_CV_golden_top.v Line: 84
    Warning (13410): Pin "DRAM_UDQM" is stuck at GND File: H:/Documents/305 Project/7seg_other/QUARTUS FILES/DE0_CV_golden_top.v Line: 85
    Warning (13410): Pin "DRAM_WE_N" is stuck at GND File: H:/Documents/305 Project/7seg_other/QUARTUS FILES/DE0_CV_golden_top.v Line: 86
    Warning (13410): Pin "HEX0[0]" is stuck at GND File: H:/Documents/305 Project/7seg_other/QUARTUS FILES/DE0_CV_golden_top.v Line: 95
    Warning (13410): Pin "HEX0[1]" is stuck at GND File: H:/Documents/305 Project/7seg_other/QUARTUS FILES/DE0_CV_golden_top.v Line: 95
    Warning (13410): Pin "HEX0[2]" is stuck at GND File: H:/Documents/305 Project/7seg_other/QUARTUS FILES/DE0_CV_golden_top.v Line: 95
    Warning (13410): Pin "HEX0[3]" is stuck at GND File: H:/Documents/305 Project/7seg_other/QUARTUS FILES/DE0_CV_golden_top.v Line: 95
    Warning (13410): Pin "HEX0[4]" is stuck at GND File: H:/Documents/305 Project/7seg_other/QUARTUS FILES/DE0_CV_golden_top.v Line: 95
    Warning (13410): Pin "HEX0[5]" is stuck at GND File: H:/Documents/305 Project/7seg_other/QUARTUS FILES/DE0_CV_golden_top.v Line: 95
    Warning (13410): Pin "HEX0[6]" is stuck at GND File: H:/Documents/305 Project/7seg_other/QUARTUS FILES/DE0_CV_golden_top.v Line: 95
    Warning (13410): Pin "HEX1[0]" is stuck at GND File: H:/Documents/305 Project/7seg_other/QUARTUS FILES/DE0_CV_golden_top.v Line: 99
    Warning (13410): Pin "HEX1[1]" is stuck at GND File: H:/Documents/305 Project/7seg_other/QUARTUS FILES/DE0_CV_golden_top.v Line: 99
    Warning (13410): Pin "HEX1[2]" is stuck at GND File: H:/Documents/305 Project/7seg_other/QUARTUS FILES/DE0_CV_golden_top.v Line: 99
    Warning (13410): Pin "HEX1[3]" is stuck at GND File: H:/Documents/305 Project/7seg_other/QUARTUS FILES/DE0_CV_golden_top.v Line: 99
    Warning (13410): Pin "HEX1[4]" is stuck at GND File: H:/Documents/305 Project/7seg_other/QUARTUS FILES/DE0_CV_golden_top.v Line: 99
    Warning (13410): Pin "HEX1[5]" is stuck at GND File: H:/Documents/305 Project/7seg_other/QUARTUS FILES/DE0_CV_golden_top.v Line: 99
    Warning (13410): Pin "HEX1[6]" is stuck at GND File: H:/Documents/305 Project/7seg_other/QUARTUS FILES/DE0_CV_golden_top.v Line: 99
    Warning (13410): Pin "HEX2[0]" is stuck at GND File: H:/Documents/305 Project/7seg_other/QUARTUS FILES/DE0_CV_golden_top.v Line: 103
    Warning (13410): Pin "HEX2[1]" is stuck at GND File: H:/Documents/305 Project/7seg_other/QUARTUS FILES/DE0_CV_golden_top.v Line: 103
    Warning (13410): Pin "HEX2[2]" is stuck at GND File: H:/Documents/305 Project/7seg_other/QUARTUS FILES/DE0_CV_golden_top.v Line: 103
    Warning (13410): Pin "HEX2[3]" is stuck at GND File: H:/Documents/305 Project/7seg_other/QUARTUS FILES/DE0_CV_golden_top.v Line: 103
    Warning (13410): Pin "HEX2[4]" is stuck at GND File: H:/Documents/305 Project/7seg_other/QUARTUS FILES/DE0_CV_golden_top.v Line: 103
    Warning (13410): Pin "HEX2[5]" is stuck at GND File: H:/Documents/305 Project/7seg_other/QUARTUS FILES/DE0_CV_golden_top.v Line: 103
    Warning (13410): Pin "HEX2[6]" is stuck at GND File: H:/Documents/305 Project/7seg_other/QUARTUS FILES/DE0_CV_golden_top.v Line: 103
    Warning (13410): Pin "HEX3[0]" is stuck at GND File: H:/Documents/305 Project/7seg_other/QUARTUS FILES/DE0_CV_golden_top.v Line: 107
    Warning (13410): Pin "HEX3[1]" is stuck at GND File: H:/Documents/305 Project/7seg_other/QUARTUS FILES/DE0_CV_golden_top.v Line: 107
    Warning (13410): Pin "HEX3[2]" is stuck at GND File: H:/Documents/305 Project/7seg_other/QUARTUS FILES/DE0_CV_golden_top.v Line: 107
    Warning (13410): Pin "HEX3[3]" is stuck at GND File: H:/Documents/305 Project/7seg_other/QUARTUS FILES/DE0_CV_golden_top.v Line: 107
    Warning (13410): Pin "HEX3[4]" is stuck at GND File: H:/Documents/305 Project/7seg_other/QUARTUS FILES/DE0_CV_golden_top.v Line: 107
    Warning (13410): Pin "HEX3[5]" is stuck at GND File: H:/Documents/305 Project/7seg_other/QUARTUS FILES/DE0_CV_golden_top.v Line: 107
    Warning (13410): Pin "HEX3[6]" is stuck at GND File: H:/Documents/305 Project/7seg_other/QUARTUS FILES/DE0_CV_golden_top.v Line: 107
    Warning (13410): Pin "HEX4[0]" is stuck at GND File: H:/Documents/305 Project/7seg_other/QUARTUS FILES/DE0_CV_golden_top.v Line: 111
    Warning (13410): Pin "HEX4[1]" is stuck at GND File: H:/Documents/305 Project/7seg_other/QUARTUS FILES/DE0_CV_golden_top.v Line: 111
    Warning (13410): Pin "HEX4[2]" is stuck at GND File: H:/Documents/305 Project/7seg_other/QUARTUS FILES/DE0_CV_golden_top.v Line: 111
    Warning (13410): Pin "HEX4[3]" is stuck at GND File: H:/Documents/305 Project/7seg_other/QUARTUS FILES/DE0_CV_golden_top.v Line: 111
    Warning (13410): Pin "HEX4[4]" is stuck at GND File: H:/Documents/305 Project/7seg_other/QUARTUS FILES/DE0_CV_golden_top.v Line: 111
    Warning (13410): Pin "HEX4[5]" is stuck at GND File: H:/Documents/305 Project/7seg_other/QUARTUS FILES/DE0_CV_golden_top.v Line: 111
    Warning (13410): Pin "HEX4[6]" is stuck at GND File: H:/Documents/305 Project/7seg_other/QUARTUS FILES/DE0_CV_golden_top.v Line: 111
    Warning (13410): Pin "HEX5[0]" is stuck at GND File: H:/Documents/305 Project/7seg_other/QUARTUS FILES/DE0_CV_golden_top.v Line: 115
    Warning (13410): Pin "HEX5[1]" is stuck at GND File: H:/Documents/305 Project/7seg_other/QUARTUS FILES/DE0_CV_golden_top.v Line: 115
    Warning (13410): Pin "HEX5[2]" is stuck at GND File: H:/Documents/305 Project/7seg_other/QUARTUS FILES/DE0_CV_golden_top.v Line: 115
    Warning (13410): Pin "HEX5[3]" is stuck at GND File: H:/Documents/305 Project/7seg_other/QUARTUS FILES/DE0_CV_golden_top.v Line: 115
    Warning (13410): Pin "HEX5[4]" is stuck at GND File: H:/Documents/305 Project/7seg_other/QUARTUS FILES/DE0_CV_golden_top.v Line: 115
    Warning (13410): Pin "HEX5[5]" is stuck at GND File: H:/Documents/305 Project/7seg_other/QUARTUS FILES/DE0_CV_golden_top.v Line: 115
    Warning (13410): Pin "HEX5[6]" is stuck at GND File: H:/Documents/305 Project/7seg_other/QUARTUS FILES/DE0_CV_golden_top.v Line: 115
    Warning (13410): Pin "LEDR[0]" is stuck at GND File: H:/Documents/305 Project/7seg_other/QUARTUS FILES/DE0_CV_golden_top.v Line: 123
    Warning (13410): Pin "LEDR[1]" is stuck at GND File: H:/Documents/305 Project/7seg_other/QUARTUS FILES/DE0_CV_golden_top.v Line: 123
    Warning (13410): Pin "LEDR[2]" is stuck at GND File: H:/Documents/305 Project/7seg_other/QUARTUS FILES/DE0_CV_golden_top.v Line: 123
    Warning (13410): Pin "LEDR[3]" is stuck at GND File: H:/Documents/305 Project/7seg_other/QUARTUS FILES/DE0_CV_golden_top.v Line: 123
    Warning (13410): Pin "LEDR[4]" is stuck at GND File: H:/Documents/305 Project/7seg_other/QUARTUS FILES/DE0_CV_golden_top.v Line: 123
    Warning (13410): Pin "LEDR[5]" is stuck at GND File: H:/Documents/305 Project/7seg_other/QUARTUS FILES/DE0_CV_golden_top.v Line: 123
    Warning (13410): Pin "LEDR[6]" is stuck at GND File: H:/Documents/305 Project/7seg_other/QUARTUS FILES/DE0_CV_golden_top.v Line: 123
    Warning (13410): Pin "LEDR[7]" is stuck at GND File: H:/Documents/305 Project/7seg_other/QUARTUS FILES/DE0_CV_golden_top.v Line: 123
    Warning (13410): Pin "LEDR[8]" is stuck at GND File: H:/Documents/305 Project/7seg_other/QUARTUS FILES/DE0_CV_golden_top.v Line: 123
    Warning (13410): Pin "LEDR[9]" is stuck at GND File: H:/Documents/305 Project/7seg_other/QUARTUS FILES/DE0_CV_golden_top.v Line: 123
    Warning (13410): Pin "SD_CLK" is stuck at GND File: H:/Documents/305 Project/7seg_other/QUARTUS FILES/DE0_CV_golden_top.v Line: 138
    Warning (13410): Pin "VGA_B[0]" is stuck at GND File: H:/Documents/305 Project/7seg_other/QUARTUS FILES/DE0_CV_golden_top.v Line: 148
    Warning (13410): Pin "VGA_B[1]" is stuck at GND File: H:/Documents/305 Project/7seg_other/QUARTUS FILES/DE0_CV_golden_top.v Line: 148
    Warning (13410): Pin "VGA_B[2]" is stuck at GND File: H:/Documents/305 Project/7seg_other/QUARTUS FILES/DE0_CV_golden_top.v Line: 148
    Warning (13410): Pin "VGA_B[3]" is stuck at GND File: H:/Documents/305 Project/7seg_other/QUARTUS FILES/DE0_CV_golden_top.v Line: 148
    Warning (13410): Pin "VGA_G[0]" is stuck at GND File: H:/Documents/305 Project/7seg_other/QUARTUS FILES/DE0_CV_golden_top.v Line: 149
    Warning (13410): Pin "VGA_G[1]" is stuck at GND File: H:/Documents/305 Project/7seg_other/QUARTUS FILES/DE0_CV_golden_top.v Line: 149
    Warning (13410): Pin "VGA_G[2]" is stuck at GND File: H:/Documents/305 Project/7seg_other/QUARTUS FILES/DE0_CV_golden_top.v Line: 149
    Warning (13410): Pin "VGA_G[3]" is stuck at GND File: H:/Documents/305 Project/7seg_other/QUARTUS FILES/DE0_CV_golden_top.v Line: 149
    Warning (13410): Pin "VGA_HS" is stuck at GND File: H:/Documents/305 Project/7seg_other/QUARTUS FILES/DE0_CV_golden_top.v Line: 150
    Warning (13410): Pin "VGA_R[0]" is stuck at GND File: H:/Documents/305 Project/7seg_other/QUARTUS FILES/DE0_CV_golden_top.v Line: 151
    Warning (13410): Pin "VGA_R[1]" is stuck at GND File: H:/Documents/305 Project/7seg_other/QUARTUS FILES/DE0_CV_golden_top.v Line: 151
    Warning (13410): Pin "VGA_R[2]" is stuck at GND File: H:/Documents/305 Project/7seg_other/QUARTUS FILES/DE0_CV_golden_top.v Line: 151
    Warning (13410): Pin "VGA_R[3]" is stuck at GND File: H:/Documents/305 Project/7seg_other/QUARTUS FILES/DE0_CV_golden_top.v Line: 151
    Warning (13410): Pin "VGA_VS" is stuck at GND File: H:/Documents/305 Project/7seg_other/QUARTUS FILES/DE0_CV_golden_top.v Line: 154
Warning (20013): Ignored 24 assignments for entity "DE0_CV_Default" -- entity does not exist in design
    Warning (20014): Assignment for entity set_instance_assignment -name PARTITION_HIERARCHY root_partition -to | -entity DE0_CV_Default -section_id Top was ignored
    Warning (20014): Assignment for entity set_global_assignment -name PARTITION_NETLIST_TYPE SOURCE -entity DE0_CV_Default -section_id Top was ignored
    Warning (20014): Assignment for entity set_global_assignment -name PARTITION_FITTER_PRESERVATION_LEVEL PLACEMENT_AND_ROUTING -entity DE0_CV_Default -section_id Top was ignored
    Warning (20014): Assignment for entity set_global_assignment -name PARTITION_PRESERVE_HIGH_SPEED_TILES ON -entity DE0_CV_Default -section_id Top was ignored
    Warning (20014): Assignment for entity set_global_assignment -name PARTITION_IGNORE_SOURCE_FILE_CHANGES OFF -entity DE0_CV_Default -section_id Top was ignored
    Warning (20014): Assignment for entity set_global_assignment -name PARTITION_ALWAYS_USE_QXP_NETLIST OFF -entity DE0_CV_Default -section_id Top was ignored
    Warning (20014): Assignment for entity set_global_assignment -name PARTITION_COLOR 16764057 -entity DE0_CV_Default -section_id Top was ignored
    Warning (20014): Assignment for entity set_global_assignment -name PARTITION_IMPORT_ASSIGNMENTS ON -entity DE0_CV_Default -section_id Top was ignored
    Warning (20014): Assignment for entity set_global_assignment -name PARTITION_IMPORT_EXISTING_ASSIGNMENTS REPLACE_CONFLICTING -entity DE0_CV_Default -section_id Top was ignored
    Warning (20014): Assignment for entity set_global_assignment -name PARTITION_IMPORT_EXISTING_LOGICLOCK_REGIONS UPDATE_CONFLICTING -entity DE0_CV_Default -section_id Top was ignored
    Warning (20014): Assignment for entity set_global_assignment -name PARTITION_IMPORT_PIN_ASSIGNMENTS ON -entity DE0_CV_Default -section_id Top was ignored
    Warning (20014): Assignment for entity set_global_assignment -name PARTITION_IMPORT_PROMOTE_ASSIGNMENTS ON -entity DE0_CV_Default -section_id Top was ignored
    Warning (20014): Assignment for entity set_global_assignment -name PARTITION_TYPE STANDARD_PARTITION -entity DE0_CV_Default -section_id Top was ignored
    Warning (20014): Assignment for entity set_global_assignment -name ALLOW_MULTIPLE_PERSONAS OFF -entity DE0_CV_Default -section_id Top was ignored
    Warning (20014): Assignment for entity set_global_assignment -name PARTITION_ASD_REGION_ID 1 -entity DE0_CV_Default -section_id Top was ignored
    Warning (20014): Assignment for entity set_global_assignment -name CROSS_BOUNDARY_OPTIMIZATIONS OFF -entity DE0_CV_Default -section_id Top was ignored
    Warning (20014): Assignment for entity set_global_assignment -name PROPAGATE_CONSTANTS_ON_INPUTS ON -entity DE0_CV_Default -section_id Top was ignored
    Warning (20014): Assignment for entity set_global_assignment -name PROPAGATE_INVERSIONS_ON_INPUTS ON -entity DE0_CV_Default -section_id Top was ignored
    Warning (20014): Assignment for entity set_global_assignment -name REMOVE_LOGIC_ON_UNCONNECTED_OUTPUTS ON -entity DE0_CV_Default -section_id Top was ignored
    Warning (20014): Assignment for entity set_global_assignment -name MERGE_EQUIVALENT_INPUTS ON -entity DE0_CV_Default -section_id Top was ignored
    Warning (20014): Assignment for entity set_global_assignment -name MERGE_EQUIVALENT_BIDIRS ON -entity DE0_CV_Default -section_id Top was ignored
    Warning (20014): Assignment for entity set_global_assignment -name ABSORB_PATHS_FROM_OUTPUTS_TO_INPUTS ON -entity DE0_CV_Default -section_id Top was ignored
    Warning (20014): Assignment for entity set_global_assignment -name PARTITION_EXTRACT_HARD_BLOCK_NODES ON -entity DE0_CV_Default -section_id Top was ignored
    Warning (20014): Assignment for entity set_global_assignment -name PARTITION_ENABLE_STRICT_PRESERVATION OFF -entity DE0_CV_Default -section_id Top was ignored
Warning (20013): Ignored 16 assignments for entity "PLL" -- entity does not exist in design
    Warning (20014): Assignment for entity set_global_assignment -name IP_TOOL_NAME altera_pll -entity PLL -sip PLL/PLL.sip -library lib_PLL was ignored
    Warning (20014): Assignment for entity set_global_assignment -name IP_TOOL_VERSION 18.1 -entity PLL -sip PLL/PLL.sip -library lib_PLL was ignored
    Warning (20014): Assignment for entity set_global_assignment -name IP_TOOL_ENV mwpim -entity PLL -sip PLL/PLL.sip -library lib_PLL was ignored
Warning (20013): Ignored 317 assignments for entity "PLL_0002" -- entity does not exist in design
Info (16010): Generating hard_block partition "hard_block:auto_generated_inst"
    Info (16011): Adding 0 node(s), including 0 DDIO, 0 PLL, 0 transceiver and 0 LCELL
Warning (21074): Design contains 18 input pin(s) that do not drive logic
    Warning (15610): No output dependent on input pin "CLOCK2_50" File: H:/Documents/305 Project/7seg_other/QUARTUS FILES/DE0_CV_golden_top.v Line: 58
    Warning (15610): No output dependent on input pin "CLOCK3_50" File: H:/Documents/305 Project/7seg_other/QUARTUS FILES/DE0_CV_golden_top.v Line: 63
    Warning (15610): No output dependent on input pin "CLOCK_50" File: H:/Documents/305 Project/7seg_other/QUARTUS FILES/DE0_CV_golden_top.v Line: 72
    Warning (15610): No output dependent on input pin "KEY[0]" File: H:/Documents/305 Project/7seg_other/QUARTUS FILES/DE0_CV_golden_top.v Line: 119
    Warning (15610): No output dependent on input pin "KEY[1]" File: H:/Documents/305 Project/7seg_other/QUARTUS FILES/DE0_CV_golden_top.v Line: 119
    Warning (15610): No output dependent on input pin "KEY[2]" File: H:/Documents/305 Project/7seg_other/QUARTUS FILES/DE0_CV_golden_top.v Line: 119
    Warning (15610): No output dependent on input pin "KEY[3]" File: H:/Documents/305 Project/7seg_other/QUARTUS FILES/DE0_CV_golden_top.v Line: 119
    Warning (15610): No output dependent on input pin "RESET_N" File: H:/Documents/305 Project/7seg_other/QUARTUS FILES/DE0_CV_golden_top.v Line: 134
    Warning (15610): No output dependent on input pin "SW[0]" File: H:/Documents/305 Project/7seg_other/QUARTUS FILES/DE0_CV_golden_top.v Line: 144
    Warning (15610): No output dependent on input pin "SW[1]" File: H:/Documents/305 Project/7seg_other/QUARTUS FILES/DE0_CV_golden_top.v Line: 144
    Warning (15610): No output dependent on input pin "SW[2]" File: H:/Documents/305 Project/7seg_other/QUARTUS FILES/DE0_CV_golden_top.v Line: 144
    Warning (15610): No output dependent on input pin "SW[3]" File: H:/Documents/305 Project/7seg_other/QUARTUS FILES/DE0_CV_golden_top.v Line: 144
    Warning (15610): No output dependent on input pin "SW[4]" File: H:/Documents/305 Project/7seg_other/QUARTUS FILES/DE0_CV_golden_top.v Line: 144
    Warning (15610): No output dependent on input pin "SW[5]" File: H:/Documents/305 Project/7seg_other/QUARTUS FILES/DE0_CV_golden_top.v Line: 144
    Warning (15610): No output dependent on input pin "SW[6]" File: H:/Documents/305 Project/7seg_other/QUARTUS FILES/DE0_CV_golden_top.v Line: 144
    Warning (15610): No output dependent on input pin "SW[7]" File: H:/Documents/305 Project/7seg_other/QUARTUS FILES/DE0_CV_golden_top.v Line: 144
    Warning (15610): No output dependent on input pin "SW[8]" File: H:/Documents/305 Project/7seg_other/QUARTUS FILES/DE0_CV_golden_top.v Line: 144
    Warning (15610): No output dependent on input pin "SW[9]" File: H:/Documents/305 Project/7seg_other/QUARTUS FILES/DE0_CV_golden_top.v Line: 144
Info (21057): Implemented 206 device resources after synthesis - the final resource count might be different
    Info (21058): Implemented 18 input pins
    Info (21059): Implemented 90 output pins
    Info (21060): Implemented 98 bidirectional pins
Info: Quartus Prime Analysis & Synthesis was successful. 0 errors, 264 warnings
    Info: Peak virtual memory: 4857 megabytes
    Info: Processing ended: Wed May 10 14:29:02 2023
    Info: Elapsed time: 00:00:11
    Info: Total CPU time (on all processors): 00:00:17


